c:\users\eijpnae\documents\github\teconfiguretool\x64\debug\qrc_resource.obj
c:\users\eijpnae\documents\github\teconfiguretool\debug\moc_predefs.h
c:\users\eijpnae\documents\github\teconfiguretool\.\generatedfiles\debug\moc_treemodel.cpp
c:\users\eijpnae\documents\github\teconfiguretool\.\generatedfiles\debug\moc_login.cpp
c:\users\eijpnae\documents\github\teconfiguretool\.\generatedfiles\debug\moc_mainwindow.cpp
c:\users\eijpnae\documents\github\teconfiguretool\.\generatedfiles\qrc_resource.cpp
c:\users\eijpnae\documents\github\teconfiguretool\.\generatedfiles\ui_login.h
c:\users\eijpnae\documents\github\teconfiguretool\.\generatedfiles\ui_mainwindow.h
c:\users\eijpnae\documents\github\teconfiguretool\generatedfiles\debug\moc_treemodel.cpp
c:\users\eijpnae\documents\github\teconfiguretool\generatedfiles\debug\moc_login.cpp
c:\users\eijpnae\documents\github\teconfiguretool\generatedfiles\debug\moc_mainwindow.cpp
c:\users\eijpnae\documents\github\teconfiguretool\generatedfiles\qrc_resource.cpp
c:\users\eijpnae\documents\github\teconfiguretool\generatedfiles\ui_login.h
c:\users\eijpnae\documents\github\teconfiguretool\generatedfiles\ui_mainwindow.h
c:\users\eijpnae\documents\github\teconfiguretool\x64\debug\vc140.pdb
c:\users\eijpnae\documents\github\teconfiguretool\debug\teconfiguretool.exe
c:\users\eijpnae\documents\github\teconfiguretool\x64\debug\te_configtool.tlog\cl.command.1.tlog
c:\users\eijpnae\documents\github\teconfiguretool\x64\debug\te_configtool.tlog\cl.read.1.tlog
c:\users\eijpnae\documents\github\teconfiguretool\x64\debug\te_configtool.tlog\cl.write.1.tlog
c:\users\eijpnae\documents\github\teconfiguretool\x64\debug\te_configtool.tlog\custombuild.command.1.tlog
c:\users\eijpnae\documents\github\teconfiguretool\x64\debug\te_configtool.tlog\custombuild.read.1.tlog
c:\users\eijpnae\documents\github\teconfiguretool\x64\debug\te_configtool.tlog\custombuild.write.1.tlog
c:\users\eijpnae\documents\github\teconfiguretool\x64\debug\te_configtool.tlog\qtmoc.read.1u.tlog
c:\users\eijpnae\documents\github\teconfiguretool\x64\debug\te_configtool.tlog\qtmoc.write.1u.tlog
c:\users\eijpnae\documents\github\teconfiguretool\x64\debug\te_configtool.tlog\qtrcc.read.1u.tlog
c:\users\eijpnae\documents\github\teconfiguretool\x64\debug\te_configtool.tlog\qtrcc.write.1u.tlog
c:\users\eijpnae\documents\github\teconfiguretool\x64\debug\te_configtool.tlog\qtuic.read.1u.tlog
c:\users\eijpnae\documents\github\teconfiguretool\x64\debug\te_configtool.tlog\qtuic.write.1u.tlog
c:\users\eijpnae\documents\github\teconfiguretool\x64\debug\te_configtool.tlog\te_configtool.write.1u.tlog
