c:\users\eijpnae\documents\github\teconfiguretool\win32\debug\moc_treemodel.obj
c:\users\eijpnae\documents\github\teconfiguretool\win32\debug\treemodel.obj
c:\users\eijpnae\documents\github\teconfiguretool\win32\debug\moc_login.obj
c:\users\eijpnae\documents\github\teconfiguretool\win32\debug\main.obj
c:\users\eijpnae\documents\github\teconfiguretool\win32\debug\login.obj
c:\users\eijpnae\documents\github\teconfiguretool\win32\debug\mainwindow.obj
c:\users\eijpnae\documents\github\teconfiguretool\win32\debug\accountregister.obj
c:\users\eijpnae\documents\github\teconfiguretool\win32\debug\treeitem.obj
c:\users\eijpnae\documents\github\teconfiguretool\win32\debug\moc_authorizationform.obj
c:\users\eijpnae\documents\github\teconfiguretool\win32\debug\qrc_resource.obj
c:\users\eijpnae\documents\github\teconfiguretool\win32\debug\moc_accountregister.obj
c:\users\eijpnae\documents\github\teconfiguretool\win32\debug\moc_mainwindow.obj
c:\users\eijpnae\documents\github\teconfiguretool\debug\moc_predefs.h
c:\users\eijpnae\documents\github\teconfiguretool\.\generatedfiles\debug\moc_accountregister.cpp
c:\users\eijpnae\documents\github\teconfiguretool\.\generatedfiles\debug\moc_authorizationform.cpp
c:\users\eijpnae\documents\github\teconfiguretool\.\generatedfiles\debug\moc_treemodel.cpp
c:\users\eijpnae\documents\github\teconfiguretool\.\generatedfiles\debug\moc_login.cpp
c:\users\eijpnae\documents\github\teconfiguretool\.\generatedfiles\debug\moc_mainwindow.cpp
c:\users\eijpnae\documents\github\teconfiguretool\.\generatedfiles\qrc_resource.cpp
c:\users\eijpnae\documents\github\teconfiguretool\generatedfiles\ui_accountregister.h
c:\users\eijpnae\documents\github\teconfiguretool\generatedfiles\ui_authorizationform.h
c:\users\eijpnae\documents\github\teconfiguretool\generatedfiles\ui_login.h
c:\users\eijpnae\documents\github\teconfiguretool\generatedfiles\ui_mainwindow.h
c:\users\eijpnae\documents\github\teconfiguretool\generatedfiles\qrc_resource.cpp
c:\users\eijpnae\documents\github\teconfiguretool\generatedfiles\debug\moc_accountregister.cpp
c:\users\eijpnae\documents\github\teconfiguretool\generatedfiles\debug\moc_authorizationform.cpp
c:\users\eijpnae\documents\github\teconfiguretool\generatedfiles\debug\moc_treemodel.cpp
c:\users\eijpnae\documents\github\teconfiguretool\generatedfiles\debug\moc_login.cpp
c:\users\eijpnae\documents\github\teconfiguretool\generatedfiles\debug\moc_mainwindow.cpp
c:\users\eijpnae\documents\github\teconfiguretool\.\generatedfiles\ui_accountregister.h
c:\users\eijpnae\documents\github\teconfiguretool\.\generatedfiles\ui_login.h
c:\users\eijpnae\documents\github\teconfiguretool\.\generatedfiles\ui_mainwindow.h
c:\users\eijpnae\documents\github\teconfiguretool\.\generatedfiles\ui_authorizationform.h
c:\users\eijpnae\documents\github\teconfiguretool\win32\debug\vc140.pdb
c:\users\eijpnae\documents\github\teconfiguretool\win32\debug\te_configtool.tlog\cl.command.1.tlog
c:\users\eijpnae\documents\github\teconfiguretool\win32\debug\te_configtool.tlog\cl.read.1.tlog
c:\users\eijpnae\documents\github\teconfiguretool\win32\debug\te_configtool.tlog\cl.write.1.tlog
c:\users\eijpnae\documents\github\teconfiguretool\win32\debug\te_configtool.tlog\custombuild.command.1.tlog
c:\users\eijpnae\documents\github\teconfiguretool\win32\debug\te_configtool.tlog\custombuild.read.1.tlog
c:\users\eijpnae\documents\github\teconfiguretool\win32\debug\te_configtool.tlog\custombuild.write.1.tlog
c:\users\eijpnae\documents\github\teconfiguretool\win32\debug\te_configtool.tlog\moc.read.1u.tlog
c:\users\eijpnae\documents\github\teconfiguretool\win32\debug\te_configtool.tlog\moc.write.1u.tlog
c:\users\eijpnae\documents\github\teconfiguretool\win32\debug\te_configtool.tlog\rcc.read.1u.tlog
c:\users\eijpnae\documents\github\teconfiguretool\win32\debug\te_configtool.tlog\rcc.write.1u.tlog
c:\users\eijpnae\documents\github\teconfiguretool\win32\debug\te_configtool.tlog\te_configtool.write.1u.tlog
c:\users\eijpnae\documents\github\teconfiguretool\win32\debug\te_configtool.tlog\uic.read.1u.tlog
c:\users\eijpnae\documents\github\teconfiguretool\win32\debug\te_configtool.tlog\uic.write.1u.tlog
